num_epoch, train_loss, train_acc, valid loss, valid_test
Model 0, policy step [False, False, False, False, False, False, False, True].
1,0.744742,74,0.801039,72
2,0.664911,77,0.701367,75
3,0.615911,77,0.713149,75
4,0.721339,74,0.764966,72
Model saved at 1571873509/0.pt
Final Valid Loss: 0.764966, Final Valid Acc: 72
Model 1, policy step [True, False, False, False, False, False, False, False].
1,0.958015,66,0.970612,66
2,0.823194,72,0.879856,69
3,0.814385,71,0.859102,70
4,0.772901,73,0.768320,73
5,0.784843,73,0.798423,72
6,0.737350,74,0.794131,73
Model saved at 1571873509/1.pt
Final Valid Loss: 0.794131, Final Valid Acc: 73
Model 2, policy step [False, True, False, False, False, False, False, False].
1,0.633027,77,0.703668,75
2,0.647034,77,0.705566,75
3,0.538870,81,0.607123,78
4,0.496991,83,0.587020,79
5,0.475979,83,0.540835,79
6,0.491155,82,0.540976,81
7,0.466584,84,0.570157,80
Model saved at 1571873509/2.pt
Final Valid Loss: 0.570157, Final Valid Acc: 80
Model 3, policy step [False, False, True, False, False, False, False, False].
1,0.470370,83,0.575413,79
2,0.425669,84,0.498686,82
3,0.385526,86,0.493364,83
4,0.373570,86,0.511516,82
5,0.344641,88,0.461902,84
6,0.312923,89,0.468644,83
7,0.312730,89,0.459155,84
8,0.316322,89,0.490500,83
9,0.310441,89,0.505735,82
Model saved at 1571873509/3.pt
Final Valid Loss: 0.505735, Final Valid Acc: 82
Model 4, policy step [False, False, False, True, False, False, False, False].
1,0.257063,91,0.425744,86
2,0.209613,93,0.415785,85
3,0.213987,93,0.415048,85
4,0.182870,93,0.407472,85
5,0.159449,95,0.428607,85
6,0.167037,94,0.394780,86
7,0.154274,94,0.403209,86
8,0.142035,95,0.413046,86
Model saved at 1571873509/4.pt
Final Valid Loss: 0.413046, Final Valid Acc: 86
Model 5, policy step [False, False, False, False, True, False, False, False].
1,0.135939,96,0.401055,86
2,0.128431,95,0.389427,86
3,0.128224,96,0.375290,87
4,0.113046,96,0.375545,87
5,0.112520,96,0.391437,86
Model saved at 1571873509/5.pt
Final Valid Loss: 0.391437, Final Valid Acc: 86
Model 6, policy step [False, False, False, False, False, True, False, False].
1,0.095224,97,0.432356,86
2,0.085121,97,0.420232,87
3,0.074981,97,0.417904,86
4,0.072952,98,0.398348,87
5,0.060607,98,0.430875,87
6,0.063431,98,0.414161,88
Model saved at 1571873509/6.pt
Final Valid Loss: 0.414161, Final Valid Acc: 88
Model 7, policy step [False, False, False, False, False, False, True, False].
1,0.072366,97,0.473556,86
2,0.055540,98,0.410540,87
3,0.050774,98,0.421010,88
4,0.054101,98,0.541800,85
Model saved at 1571873509/7.pt
Final Valid Loss: 0.541800, Final Valid Acc: 85
Model 8, policy step [True, True, True, True, True, True, True, True].
1,0.218049,92,0.472130,82
2,0.133776,95,0.374877,87
3,0.163468,94,0.487524,85
4,0.084461,97,0.389882,88
Model saved at 1571873509/8.pt
Final Valid Loss: 0.389882, Final Valid Acc: 88
