num_epoch, train_loss, train_acc, valid loss, valid_test
Model 0, policy step [False, False, False, False, False, False, False, True].
Selected learning rate of 0.007462403795227799.
1,1.993781,29,2.072460,26
2,1.283842,52,1.293201,51
3,1.036812,65,1.127368,63
4,0.941533,69,1.122499,64
5,1.021156,63,1.300901,57
6,0.894239,67,1.178621,63
7,0.762897,74,1.049877,66
8,0.688148,76,0.997509,67
9,0.722423,73,1.059766,62
10,0.603236,80,0.984748,69
11,0.538413,81,0.931946,69
12,0.798770,72,1.186976,67
13,0.573660,77,1.004711,67
14,0.485333,82,0.891394,70
15,0.456815,85,0.957680,68
16,0.429067,85,0.895677,71
17,0.456306,84,1.016420,66
Model saved at 1572289635/1.pt
Final Valid Loss: 1.016420, Final Valid Acc: 66
Model 1, policy step [False, False, False, False, False, False, True, True].
Selected learning rate of 0.005282977308203709.
1,0.461552,84,0.949721,68
2,0.413442,86,0.911027,73
3,0.498258,82,1.034366,66
4,0.457010,84,0.963110,67
5,0.420226,85,0.960419,66
Model saved at 1572289635/2.pt
Final Valid Loss: 0.960419, Final Valid Acc: 66
Model 2, policy step [False, False, False, False, False, True, True, True].
Selected learning rate of 0.0026477607824142713.
1,0.410142,87,0.863627,73
2,0.401987,87,0.868771,70
3,0.369730,89,0.841461,74
4,0.341503,91,0.857691,72
5,0.330383,90,0.884315,73
6,0.309117,93,0.845702,72
Model saved at 1572289635/3.pt
Final Valid Loss: 0.845702, Final Valid Acc: 72
Model 3, policy step [False, False, False, False, True, True, True, True].
Selected learning rate of 0.0187447108396783.
1,0.622093,82,1.150471,64
2,0.536429,85,1.008397,68
3,0.415854,86,1.021815,67
4,0.304064,90,1.095645,68
5,0.260136,91,1.084545,67
Model saved at 1572289635/4.pt
Final Valid Loss: 1.084545, Final Valid Acc: 67
Model 4, policy step [False, False, False, True, True, True, True, True].
Selected learning rate of 0.007462403795227799.
1,0.387089,88,0.943852,70
2,0.506258,82,1.090056,64
3,0.355951,88,1.056148,66
4,0.186583,95,0.837196,74
5,0.131054,97,0.905464,73
6,0.096192,98,0.893790,75
7,0.085850,98,0.994799,70
Model saved at 1572289635/5.pt
Final Valid Loss: 0.994799, Final Valid Acc: 70
Model 5, policy step [False, False, True, True, True, True, True, True].
Selected learning rate of 0.00074624037952278.
1,0.149552,96,0.817315,76
2,0.146310,97,0.835817,76
3,0.137710,97,0.816043,76
4,0.130951,97,0.810812,75
5,0.114144,97,0.808768,76
6,0.111362,98,0.817212,76
7,0.108629,97,0.836518,73
8,0.100847,98,0.831909,74
Model saved at 1572289635/6.pt
Final Valid Loss: 0.831909, Final Valid Acc: 74
Model 6, policy step [False, True, True, True, True, True, True, True].
Selected learning rate of 3.740061514339878e-05.
1,0.113657,97,0.809132,76
2,0.112781,97,0.808381,77
3,0.111604,97,0.805829,77
4,0.110832,97,0.805628,77
5,0.110478,97,0.806351,77
6,0.109589,97,0.805031,77
7,0.108618,98,0.802212,77
8,0.107942,98,0.800768,77
9,0.107414,98,0.800455,77
10,0.106856,98,0.800717,77
11,0.106263,98,0.801934,77
12,0.105721,98,0.802977,77
Model saved at 1572289635/7.pt
Final Valid Loss: 0.802977, Final Valid Acc: 77
Model 7, policy step [True, True, True, True, True, True, True, True].
Selected learning rate of 0.00029708364604458183.
1,0.106389,98,0.806251,78
2,0.104214,98,0.825302,77
3,0.102014,98,0.831604,77
4,0.098702,98,0.826573,77
Model saved at 1572289635/8.pt
Final Valid Loss: 0.826573, Final Valid Acc: 77
