num_epoch, train_loss, train_acc, valid loss, valid_test
Model 0, policy step [False, False, False, False, False, False, False, True].
1,0.744742,74,0.801039,72
2,0.664911,77,0.701367,75
3,0.615911,77,0.713149,75
4,0.721339,74,0.764966,72
Model saved at 1571872076/0.pt
Final Valid Loss: 0.764966, Final Valid Acc: 72
Model 1, policy step [False, False, False, False, False, False, True, True].
1,0.613699,78,0.679262,76
2,0.526455,81,0.635993,78
3,0.501424,82,0.626260,78
4,0.465682,84,0.561596,80
5,0.470837,83,0.591027,79
6,0.417630,85,0.556542,81
7,0.398821,87,0.542785,80
8,0.401049,86,0.543626,80
9,0.363233,88,0.525714,81
10,0.364181,87,0.550903,81
11,0.369610,87,0.511755,80
12,0.336527,89,0.519023,82
13,0.325131,89,0.544013,81
Model saved at 1571872076/1.pt
Final Valid Loss: 0.544013, Final Valid Acc: 81
Model 2, policy step [False, False, False, False, False, True, True, True].
1,0.305208,90,0.508140,82
2,0.290105,90,0.455545,84
3,0.233131,92,0.463431,83
4,0.217980,93,0.455637,84
Model saved at 1571872076/2.pt
Final Valid Loss: 0.455637, Final Valid Acc: 84
Model 3, policy step [False, False, False, False, True, True, True, True].
1,0.231872,92,0.423519,85
2,0.172548,94,0.425499,85
3,0.126215,96,0.407997,86
4,0.095070,98,0.413984,85
5,0.084903,97,0.411813,86
Model saved at 1571872076/3.pt
Final Valid Loss: 0.411813, Final Valid Acc: 86
Model 4, policy step [False, False, False, True, True, True, True, True].
1,0.134119,95,0.439567,85
2,0.092271,97,0.395262,87
3,0.089031,96,0.425030,86
4,0.052683,98,0.400463,87
Model saved at 1571872076/4.pt
Final Valid Loss: 0.400463, Final Valid Acc: 87
Model 5, policy step [False, False, True, True, True, True, True, True].
1,0.185321,93,0.463196,85
2,0.111753,96,0.376104,86
3,0.118741,96,0.389560,86
4,0.070343,98,0.409533,87
Model saved at 1571872076/5.pt
Final Valid Loss: 0.409533, Final Valid Acc: 87
Model 6, policy step [False, True, True, True, True, True, True, True].
1,0.098243,97,0.377884,87
2,0.065412,98,0.394110,87
3,0.047228,98,0.370765,88
4,0.032508,99,0.318375,90
5,0.036270,99,0.397345,88
6,0.019305,99,0.369475,89
Model saved at 1571872076/6.pt
Final Valid Loss: 0.369475, Final Valid Acc: 89
Model 7, policy step [True, True, True, True, True, True, True, True].
1,0.062464,97,0.423473,86
2,0.034065,99,0.382412,87
3,0.029975,99,0.378404,89
4,0.019326,99,0.372299,89
5,0.075633,97,0.486356,86
6,0.022818,99,0.446499,88
Model saved at 1571872076/7.pt
Final Valid Loss: 0.446499, Final Valid Acc: 88
