num_epoch, train_loss, train_acc, valid loss, valid_test
Model 0, policy step [False, False, False, False, False, False, False, True].
1,2.187953,22,2.184731,21
2,2.003699,36,1.993734,36
3,1.826153,46,1.828352,46
4,1.714198,50,1.702630,51
5,1.584147,55,1.604520,55
6,1.516763,55,1.528762,57
7,1.470586,58,1.464769,58
8,1.409962,58,1.412691,59
9,1.405298,58,1.368425,61
10,1.323191,64,1.330835,61
11,1.310155,62,1.298005,62
12,1.285407,61,1.269834,63
13,1.242172,62,1.244691,63
14,1.222259,62,1.222445,63
15,1.212048,62,1.202109,63
16,1.183804,64,1.182493,63
17,1.154098,66,1.166682,63
18,1.180862,64,1.150239,63
19,1.121078,66,1.136822,63
20,1.103892,64,1.124495,63
21,1.095480,66,1.110900,64
22,1.104545,66,1.100985,64
23,1.111426,64,1.090132,64
24,1.097437,64,1.079971,65
25,1.043745,67,1.070684,65
26,1.040348,65,1.062196,65
27,1.042625,67,1.054628,65
28,1.043263,66,1.044825,66
29,0.959052,71,1.038660,66
30,0.993943,69,1.031444,66
31,1.014565,68,1.024771,67
32,0.986680,70,1.017500,67
33,0.970413,70,1.010998,67
34,0.991816,68,1.006410,67
35,0.997859,69,1.000373,67
36,0.997365,68,0.995001,67
37,0.980774,68,0.988923,67
38,0.975028,69,0.984723,67
39,0.941046,72,0.980337,67
40,0.969421,69,0.975296,68
41,0.955482,70,0.970522,68
42,0.952325,69,0.966218,68
43,0.928386,69,0.960999,68
44,0.950285,69,0.957916,68
45,0.908453,73,0.953818,68
46,0.919523,72,0.950080,68
47,0.933775,70,0.946418,68
48,0.887771,71,0.941814,68
49,0.910156,72,0.938899,69
50,0.900943,71,0.936315,69
51,0.904167,71,0.932431,69
52,0.910076,70,0.928839,69
53,0.873670,71,0.926381,69
54,0.883206,71,0.923513,69
55,0.902329,70,0.921108,69
56,0.879367,70,0.917852,69
57,0.875355,70,0.914953,69
58,0.905244,68,0.911147,70
59,0.887769,71,0.909114,70
60,0.886838,70,0.907060,70
61,0.881288,71,0.903739,70
62,0.887448,70,0.901788,69
63,0.905234,70,0.900173,70
64,0.845727,72,0.898113,70
65,0.867988,72,0.894935,69
66,0.872641,72,0.893272,70
67,0.855643,72,0.890808,70
68,0.805313,74,0.887777,71
69,0.862814,71,0.887272,70
70,0.840052,74,0.884419,70
71,0.832105,72,0.882104,70
72,0.823970,73,0.880323,70
73,0.836858,75,0.878287,70
74,0.872463,71,0.875505,70
75,0.868341,72,0.874432,71
76,0.823356,73,0.873322,70
77,0.840597,71,0.870645,70
78,0.799067,74,0.869056,71
79,0.788511,74,0.867358,71
80,0.806261,75,0.865073,71
81,0.812720,74,0.863402,71
82,0.812465,74,0.862158,71
83,0.783368,75,0.860920,71
84,0.827962,72,0.858480,71
85,0.844935,72,0.858218,71
86,0.814475,73,0.856343,71
87,0.823331,72,0.853915,71
88,0.830013,73,0.853245,71
89,0.789920,74,0.851298,71
90,0.790999,72,0.849605,71
91,0.825507,72,0.848945,71
92,0.816220,72,0.846254,71
93,0.777187,75,0.845152,71
94,0.802251,75,0.844641,71
95,0.827109,73,0.843615,71
96,0.774930,74,0.841179,71
97,0.768223,75,0.839921,71
98,0.827165,72,0.838144,71
99,0.769984,76,0.837897,71
100,0.789118,74,0.835726,71
101,0.810365,71,0.834756,71
102,0.777171,74,0.833700,72
103,0.819290,74,0.832495,71
104,0.800343,72,0.831747,72
105,0.764443,74,0.831022,72
106,0.797348,73,0.829146,72
107,0.766157,75,0.829059,71
108,0.759250,75,0.827662,72
109,0.764309,74,0.827525,71
110,0.799672,73,0.825918,72
111,0.775033,73,0.824511,72
112,0.737849,76,0.822940,72
113,0.752932,76,0.822240,72
114,0.728895,76,0.820878,72
115,0.779674,73,0.819546,72
116,0.787099,73,0.819377,72
117,0.768002,74,0.818650,72
118,0.754256,73,0.818002,72
119,0.758213,75,0.815977,72
120,0.763784,77,0.814957,72
121,0.767423,75,0.813288,72
122,0.766125,75,0.813308,72
123,0.782128,73,0.812426,72
124,0.733758,76,0.812536,72
125,0.761638,74,0.812299,72
126,0.778823,74,0.809254,72
127,0.742710,75,0.808952,72
128,0.723113,77,0.808524,72
129,0.717418,77,0.807404,72
130,0.731842,76,0.805577,72
131,0.754615,75,0.805638,72
132,0.775201,72,0.805666,72
Model saved at 1571876358/0.pt
Final Valid Loss: 0.805666, Final Valid Acc: 72
Model 1, policy step [False, False, False, False, False, False, True, True].
1,0.746809,74,0.805541,72
2,0.745943,75,0.803226,72
3,0.722952,76,0.802501,72
4,0.755271,76,0.801892,72
5,0.757668,75,0.799065,72
6,0.750952,75,0.797697,72
7,0.748913,74,0.797401,72
8,0.774703,74,0.795971,72
9,0.753342,75,0.795126,72
10,0.712300,76,0.791305,73
11,0.718819,78,0.791488,72
12,0.748031,75,0.790386,72
13,0.704933,76,0.788659,73
14,0.721071,76,0.788015,73
15,0.752255,74,0.786993,72
16,0.719559,75,0.785076,73
17,0.691076,78,0.783973,72
18,0.717311,75,0.783464,73
19,0.684044,79,0.781026,73
20,0.716286,77,0.779778,73
21,0.726351,76,0.780388,73
22,0.737046,75,0.779211,73
23,0.713761,77,0.777646,73
24,0.707462,76,0.776620,73
25,0.697227,76,0.774333,73
26,0.688339,76,0.774373,73
27,0.701229,77,0.773521,73
28,0.675904,78,0.772314,73
29,0.704249,76,0.770908,73
30,0.686592,77,0.770820,73
31,0.687557,77,0.768646,73
32,0.667518,77,0.767817,73
33,0.663077,77,0.766808,73
34,0.715298,77,0.765251,73
35,0.675116,78,0.765794,73
36,0.721160,75,0.764738,73
37,0.695464,78,0.762718,73
38,0.711697,75,0.761462,73
39,0.681965,78,0.762170,73
40,0.659904,78,0.759597,73
41,0.668078,79,0.758565,73
42,0.689232,76,0.758146,73
43,0.624883,79,0.758038,73
44,0.691379,77,0.756421,73
45,0.643212,79,0.754960,73
46,0.684508,77,0.755273,73
47,0.634706,78,0.754178,73
48,0.697206,76,0.754364,73
49,0.641977,78,0.752898,73
50,0.660927,77,0.752119,73
51,0.660404,77,0.750950,73
52,0.639322,78,0.749736,73
53,0.645398,79,0.748624,73
54,0.700798,76,0.747954,73
55,0.666920,78,0.748378,73
56,0.645881,79,0.747421,73
57,0.641591,79,0.745759,73
58,0.639524,79,0.745509,73
59,0.674792,77,0.743570,73
60,0.652575,78,0.742285,73
61,0.654192,77,0.742390,73
62,0.628997,78,0.742647,73
Model saved at 1571876358/1.pt
Final Valid Loss: 0.742647, Final Valid Acc: 73
Model 2, policy step [False, False, False, False, False, True, True, True].
1,0.654807,79,0.742257,73
2,0.671348,78,0.741417,73
3,0.654036,78,0.740729,73
4,0.659627,77,0.738156,73
5,0.622923,79,0.737471,73
6,0.660121,78,0.736496,74
7,0.651377,77,0.736337,74
8,0.674518,77,0.735764,74
9,0.606969,79,0.733455,74
10,0.595528,80,0.733640,73
11,0.635838,78,0.731565,74
12,0.598862,81,0.730777,74
13,0.638220,78,0.729352,74
14,0.617828,79,0.728140,74
15,0.627593,78,0.726790,74
16,0.630822,78,0.726485,74
17,0.621727,78,0.726599,74
18,0.615164,79,0.724502,74
19,0.608368,80,0.723236,74
20,0.613168,80,0.722758,74
21,0.625333,79,0.722065,74
22,0.638917,77,0.721528,74
23,0.585481,80,0.719651,74
24,0.608711,77,0.719171,74
25,0.625923,78,0.718809,74
26,0.615508,79,0.717060,74
27,0.606767,79,0.716815,74
28,0.597210,80,0.715375,74
29,0.588627,81,0.714478,74
30,0.575026,81,0.713292,74
31,0.618437,79,0.713858,74
32,0.632813,79,0.713060,74
33,0.555564,83,0.711822,74
34,0.588941,80,0.711400,74
35,0.607001,79,0.711329,74
36,0.614695,80,0.710557,74
37,0.617913,78,0.710346,74
38,0.586070,81,0.707487,74
39,0.608315,79,0.707820,74
40,0.574532,81,0.705972,74
41,0.615834,78,0.705956,75
42,0.603735,79,0.703968,75
43,0.594360,81,0.706193,74
44,0.562601,83,0.703629,75
45,0.598667,79,0.702485,75
46,0.610148,79,0.702180,75
47,0.585014,80,0.701377,75
48,0.609885,80,0.700349,74
49,0.589792,79,0.700084,74
50,0.549589,81,0.699458,75
51,0.592674,81,0.699289,75
52,0.570140,81,0.700024,75
53,0.540868,81,0.696859,75
54,0.575014,81,0.697297,75
55,0.558585,81,0.697260,75
Model saved at 1571876358/2.pt
Final Valid Loss: 0.697260, Final Valid Acc: 75
Model 3, policy step [False, False, False, False, True, True, True, True].
1,0.556847,80,0.696378,75
2,0.547650,81,0.694412,75
3,0.593856,79,0.692635,75
4,0.561497,81,0.691671,75
5,0.543232,82,0.692764,74
6,0.577386,80,0.689617,75
7,0.562809,81,0.689251,75
8,0.561478,82,0.687231,76
9,0.562543,82,0.686546,75
10,0.588013,80,0.685728,75
11,0.563739,82,0.684973,75
12,0.559517,83,0.682960,75
13,0.514671,83,0.682405,75
14,0.548781,82,0.681317,75
15,0.558568,82,0.679963,75
16,0.498126,83,0.678165,76
17,0.519493,82,0.677566,75
18,0.596634,80,0.676810,76
19,0.548793,82,0.675332,75
20,0.531949,81,0.674278,76
21,0.531471,83,0.673359,76
22,0.499678,83,0.672746,76
23,0.562295,82,0.672763,75
24,0.508936,84,0.671077,76
25,0.489916,83,0.670559,75
26,0.519912,83,0.668985,76
27,0.527999,82,0.667622,76
28,0.495122,84,0.666396,76
29,0.511012,82,0.666429,76
30,0.531925,82,0.665547,76
31,0.510377,82,0.663797,76
32,0.535579,81,0.664376,76
33,0.520271,83,0.663707,76
34,0.476237,84,0.660835,76
35,0.511897,83,0.660605,76
36,0.513322,82,0.661472,76
37,0.524415,82,0.660218,76
38,0.483305,84,0.659959,76
39,0.502668,83,0.660385,76
40,0.476358,84,0.658822,76
41,0.485129,85,0.655702,76
42,0.523020,81,0.654941,76
43,0.517806,82,0.655005,76
44,0.478224,84,0.653762,76
45,0.493342,83,0.654470,76
46,0.500489,83,0.653135,76
47,0.493448,83,0.651911,76
48,0.507867,84,0.651124,76
49,0.505766,83,0.650098,76
50,0.493738,83,0.650343,76
51,0.468280,84,0.649572,76
52,0.496766,84,0.648344,77
53,0.515308,84,0.648462,77
54,0.474010,85,0.646687,76
55,0.467943,84,0.645692,76
56,0.466293,84,0.646013,77
57,0.467388,84,0.645616,76
58,0.475123,84,0.644227,76
59,0.493590,84,0.642586,77
60,0.455888,85,0.642334,77
61,0.464182,84,0.642196,77
62,0.466508,85,0.643498,77
63,0.457576,84,0.641947,77
64,0.451201,86,0.640229,77
65,0.456985,84,0.640121,77
66,0.427837,86,0.640115,77
67,0.509423,83,0.639726,76
68,0.433403,85,0.638787,76
69,0.485208,85,0.637731,76
70,0.471492,85,0.639186,77
71,0.440651,85,0.636333,77
72,0.471931,84,0.636188,77
73,0.474278,84,0.635147,77
74,0.440196,85,0.635864,77
75,0.458287,85,0.634206,77
76,0.438559,86,0.633307,76
77,0.487980,84,0.633360,77
78,0.431210,86,0.632432,77
79,0.413871,87,0.633407,77
80,0.440757,85,0.632124,77
81,0.444057,85,0.631169,77
82,0.442871,86,0.629431,77
83,0.451440,86,0.629910,77
84,0.450176,85,0.629389,77
85,0.434647,86,0.627399,77
86,0.424103,86,0.628440,77
87,0.417703,87,0.628539,77
Model saved at 1571876358/3.pt
Final Valid Loss: 0.628539, Final Valid Acc: 77
Model 4, policy step [False, False, False, True, True, True, True, True].
1,0.430232,87,0.626671,77
2,0.436226,87,0.623369,77
3,0.440384,86,0.618199,77
4,0.416767,87,0.616475,77
5,0.395961,87,0.613348,77
6,0.407876,86,0.611463,77
7,0.400493,86,0.609147,77
8,0.415236,86,0.607339,78
9,0.401713,87,0.606313,78
10,0.375588,87,0.604331,78
11,0.436853,86,0.602996,78
12,0.396535,86,0.599977,78
13,0.385718,88,0.600081,78
14,0.404046,88,0.599807,78
15,0.416113,86,0.595530,78
16,0.370497,88,0.593498,78
17,0.373796,89,0.593727,78
18,0.363913,88,0.591951,78
19,0.356898,89,0.591420,78
20,0.394878,87,0.589022,78
21,0.422385,86,0.589503,78
22,0.375116,89,0.587165,79
23,0.357561,89,0.586110,79
24,0.349569,89,0.585476,78
25,0.401093,87,0.584240,78
26,0.363473,89,0.582533,79
27,0.387458,87,0.583627,79
28,0.342744,89,0.581070,79
29,0.365213,89,0.582390,79
30,0.373994,88,0.579379,79
31,0.356605,89,0.580453,79
32,0.337425,89,0.580371,79
Model saved at 1571876358/4.pt
Final Valid Loss: 0.580371, Final Valid Acc: 79
Model 5, policy step [False, False, True, True, True, True, True, True].
1,0.362194,88,0.575770,80
2,0.381656,89,0.569373,80
3,0.342526,89,0.571848,80
4,0.326611,89,0.563491,80
5,0.385618,88,0.562842,81
6,0.331997,90,0.560585,80
7,0.347735,88,0.559128,80
8,0.339054,89,0.555109,81
9,0.358839,87,0.551386,81
10,0.325152,90,0.552047,81
11,0.313709,89,0.549495,81
12,0.308179,89,0.548992,81
13,0.306547,89,0.546190,81
14,0.300991,91,0.544235,81
15,0.346020,89,0.544727,81
16,0.317536,89,0.541677,81
17,0.301614,90,0.543998,81
18,0.274068,91,0.540698,81
19,0.307448,90,0.538005,81
20,0.285487,91,0.539525,81
21,0.301878,90,0.538150,81
Model saved at 1571876358/5.pt
Final Valid Loss: 0.538150, Final Valid Acc: 81
Model 6, policy step [False, True, True, True, True, True, True, True].
1,0.290719,91,0.540254,82
2,0.303064,90,0.541275,82
3,0.323317,89,0.536352,81
4,0.283883,91,0.534473,81
5,0.254324,91,0.534955,81
6,0.287208,91,0.531032,82
7,0.288865,89,0.531081,81
8,0.277686,91,0.528462,82
9,0.294131,91,0.529329,82
10,0.248875,92,0.528640,82
Model saved at 1571876358/6.pt
Final Valid Loss: 0.528640, Final Valid Acc: 82
Model 7, policy step [True, True, True, True, True, True, True, True].
1,0.282539,90,0.529306,82
2,0.281316,91,0.527514,82
3,0.258353,92,0.526067,82
4,0.265466,92,0.523551,82
5,0.272599,91,0.523887,82
6,0.256556,91,0.521436,82
7,0.247778,92,0.525126,82
8,0.242895,93,0.521307,82
9,0.235902,93,0.519898,82
10,0.268857,91,0.521997,82
11,0.244640,93,0.519621,82
12,0.259036,91,0.516538,82
13,0.245902,92,0.518753,82
14,0.233790,93,0.518735,82
Model saved at 1571876358/7.pt
Final Valid Loss: 0.518735, Final Valid Acc: 82
