num_epoch, train_loss, train_acc, valid loss, valid_test
Model 0, policy step [True, True, True, True, True, True, True, True].
1,1.837848,37,1.839515,33
2,1.328736,50,1.415698,46
3,1.172732,59,1.269623,54
4,0.935512,68,1.048693,62
5,0.942198,64,1.214020,56
6,0.673488,76,1.051520,71
7,0.494369,83,0.860992,72
8,0.446337,84,0.906865,68
9,0.561654,80,1.070493,65
10,0.349791,88,0.989554,67
Model saved at 1572286530/0.pt
Final Valid Loss: 0.989554, Final Valid Acc: 67
Model 1, policy step [True, True, True, True, True, True, True, True].
1,0.446737,85,0.905581,71
2,0.397347,86,0.862247,74
3,0.389081,87,0.913862,72
4,0.324363,89,0.827622,74
5,0.287022,91,0.868158,75
6,0.265262,93,0.875273,74
7,0.216893,94,0.801218,76
8,0.197694,94,0.856052,75
9,0.221435,92,0.899796,75
10,0.158269,96,0.825530,76
Model saved at 1572286530/1.pt
Final Valid Loss: 0.825530, Final Valid Acc: 76
Model 2, policy step [True, True, True, True, True, True, True, True].
1,0.250158,92,0.837499,76
2,0.200540,94,0.837960,77
3,0.192847,95,0.882405,74
4,0.160291,96,0.853870,76
Model saved at 1572286530/2.pt
Final Valid Loss: 0.853870, Final Valid Acc: 76
Model 3, policy step [True, True, True, True, True, True, True, True].
1,0.211384,94,0.890662,74
2,0.195600,94,0.813625,76
3,0.206667,95,0.862566,71
4,0.167944,96,0.817603,76
5,0.157931,95,0.921329,72
Model saved at 1572286530/3.pt
Final Valid Loss: 0.921329, Final Valid Acc: 72
Model 4, policy step [True, True, True, True, True, True, True, True].
1,0.189672,95,0.810471,75
2,0.181143,95,0.807983,75
3,0.174154,95,0.808494,76
4,0.170410,96,0.812474,77
5,0.168667,96,0.816411,77
Model saved at 1572286530/4.pt
Final Valid Loss: 0.816411, Final Valid Acc: 77
Model 5, policy step [True, True, True, True, True, True, True, True].
1,0.176634,96,0.795953,77
2,0.165544,96,0.868954,74
3,0.160947,96,0.848788,77
4,0.142283,97,0.874858,74
Model saved at 1572286530/5.pt
Final Valid Loss: 0.874858, Final Valid Acc: 74
Model 6, policy step [True, True, True, True, True, True, True, True].
1,0.155399,96,0.808447,77
2,0.157448,97,0.856732,76
3,0.155228,97,0.859511,77
4,0.146816,96,0.841263,78
Model saved at 1572286530/6.pt
Final Valid Loss: 0.841263, Final Valid Acc: 78
Model 7, policy step [True, True, True, True, True, True, True, True].
1,0.152112,97,0.805024,77
2,0.150283,97,0.839088,76
3,0.143403,97,0.814951,77
4,0.137996,97,0.795638,77
5,0.131685,98,0.818346,77
6,0.131538,98,0.845860,77
7,0.123696,97,0.822523,77
Model saved at 1572286530/7.pt
Final Valid Loss: 0.822523, Final Valid Acc: 77
Model 8, policy step [True, True, True, True, True, True, True, True].
1,0.140064,97,0.867457,76
2,0.133706,97,0.820173,77
3,0.134382,97,0.827762,75
4,0.117924,98,0.861702,76
5,0.118301,98,0.887904,74
Model saved at 1572286530/8.pt
Final Valid Loss: 0.887904, Final Valid Acc: 74
Model 9, policy step [True, True, True, True, True, True, True, True].
1,0.142180,97,0.896790,76
2,0.124916,98,0.805962,76
3,0.120387,97,0.838511,74
4,0.118106,98,0.862592,75
5,0.127114,96,0.908650,74
Model saved at 1572286530/9.pt
Final Valid Loss: 0.908650, Final Valid Acc: 74
